0 info it worked if it ends with ok
1 verbose cli [ '/Users/borecekbaji/.nvm/versions/node/v6.9.2/bin/node',
1 verbose cli   '/Users/borecekbaji/.nvm/versions/node/v6.9.2/bin/npm',
1 verbose cli   'start' ]
2 info using npm@3.10.9
3 info using node@v6.9.2
4 verbose run-script [ 'prestart', 'start', 'poststart' ]
5 info lifecycle frontend-cookbook@0.0.1~prestart: frontend-cookbook@0.0.1
6 silly lifecycle frontend-cookbook@0.0.1~prestart: no script for prestart, continuing
7 info lifecycle frontend-cookbook@0.0.1~start: frontend-cookbook@0.0.1
8 verbose lifecycle frontend-cookbook@0.0.1~start: unsafe-perm in lifecycle true
9 verbose lifecycle frontend-cookbook@0.0.1~start: PATH: /Users/borecekbaji/.nvm/versions/node/v6.9.2/lib/node_modules/npm/bin/node-gyp-bin:/Users/borecekbaji/Documents/Ackee/frontend-cookbook/node_modules/.bin:/Users/borecekbaji/.nvm/versions/node/v6.9.2/bin:/usr/local/share/npm/bin:/Users/borecekbaji/Library/Android/sdk/platform-tools:/Users/borecekbaji/Library/Android/sdk/platform-tools:/Users/borecekbaji/.npm-packages/bin:/usr/local/share/npm/bin:/usr/local/opt/icu4c/sbin:/usr/local/opt/icu4c/bin:/usr/local/bin:/usr/local/bin:/usr/bin:/bin:/usr/sbin:/sbin:/Applications/VMware Fusion.app/Contents/Public:/Users/borecekbaji/Library/Android/sdk/tools:/Users/borecekbaji/Library/Android/sdk/platform-tools
10 verbose lifecycle frontend-cookbook@0.0.1~start: CWD: /Users/borecekbaji/Documents/Ackee/frontend-cookbook
11 silly lifecycle frontend-cookbook@0.0.1~start: Args: [ '-c', 'gitbook serve' ]
12 info lifecycle frontend-cookbook@0.0.1~start: Failed to exec start script
13 verbose stack Error: frontend-cookbook@0.0.1 start: `gitbook serve`
13 verbose stack spawn ENOENT
13 verbose stack     at ChildProcess.<anonymous> (/Users/borecekbaji/.nvm/versions/node/v6.9.2/lib/node_modules/npm/lib/utils/spawn.js:33:16)
13 verbose stack     at emitTwo (events.js:106:13)
13 verbose stack     at ChildProcess.emit (events.js:191:7)
13 verbose stack     at maybeClose (internal/child_process.js:877:16)
13 verbose stack     at Process.ChildProcess._handle.onexit (internal/child_process.js:226:5)
14 verbose pkgid frontend-cookbook@0.0.1
15 verbose cwd /Users/borecekbaji/Documents/Ackee/frontend-cookbook
16 error Darwin 18.2.0
17 error argv "/Users/borecekbaji/.nvm/versions/node/v6.9.2/bin/node" "/Users/borecekbaji/.nvm/versions/node/v6.9.2/bin/npm" "start"
18 error node v6.9.2
19 error npm  v3.10.9
20 error file sh
21 error code ELIFECYCLE
22 error errno ENOENT
23 error syscall spawn
24 error frontend-cookbook@0.0.1 start: `gitbook serve`
24 error spawn ENOENT
25 error Failed at the frontend-cookbook@0.0.1 start script 'gitbook serve'.
25 error Make sure you have the latest version of node.js and npm installed.
25 error If you do, this is most likely a problem with the frontend-cookbook package,
25 error not with npm itself.
25 error Tell the author that this fails on your system:
25 error     gitbook serve
25 error You can get information on how to open an issue for this project with:
25 error     npm bugs frontend-cookbook
25 error Or if that isn't available, you can get their info via:
25 error     npm owner ls frontend-cookbook
25 error There is likely additional logging output above.
26 verbose exit [ 1, true ]
